#
# A fatal error has been detected by the Java Runtime Environment:
#
#  Internal Error (synchronizer.cpp:1430), pid=6636, tid=6508
#  guarantee(mid->header()->is_neutral()) failed: invariant
#
# JRE version: Java(TM) SE Runtime Environment (8.0_31-b13) (build 1.8.0_31-b13)
# Java VM: Java HotSpot(TM) Client VM (25.31-b07 mixed mode windows-x86 )
# Failed to write core dump. Minidumps are not enabled by default on client versions of Windows
#
# If you would like to submit a bug report, please visit:
#   http://bugreport.java.com/bugreport/crash.jsp
#

---------------  T H R E A D  ---------------

Current thread (0x01302c00):  VMThread [stack: 0x140e0000,0x14130000] [id=6508]

Stack: [0x140e0000,0x14130000],  sp=0x1412f298,  free space=316k
Native frames: (J=compiled Java code, j=interpreted, Vv=VM code, C=native code)
V  [jvm.dll+0x197b8b]
V  [jvm.dll+0x1909a5]
V  [jvm.dll+0x162f7f]
V  [jvm.dll+0x163333]
V  [jvm.dll+0x1567b3]
V  [jvm.dll+0x157b30]
V  [jvm.dll+0x16ed05]
V  [jvm.dll+0x16ef12]
V  [jvm.dll+0x1af0a6]
C  [msvcr100.dll+0x5c556]
C  [msvcr100.dll+0x5c600]
C  [kernel32.dll+0x4ed6c]
C  [ntdll.dll+0x6377b]
C  [ntdll.dll+0x6374e]

VM_Operation (0x1487f59c): ChangeSingleStep, mode: safepoint, requested by thread 0x142b6000


---------------  P R O C E S S  ---------------

Java Threads: ( => current thread )
  0x142d9400 JavaThread "Service Thread" daemon [_thread_blocked, id=7768, stack(0x14450000,0x144a0000)]
  0x142c1000 JavaThread "C1 CompilerThread0" daemon [_thread_blocked, id=8096, stack(0x14710000,0x14760000)]
  0x142bac00 JavaThread "JDWP Command Reader" daemon [_thread_in_native, id=7308, stack(0x147c0000,0x14810000)]
  0x142b9800 JavaThread "JDWP Event Helper Thread" daemon [_thread_blocked, id=6540, stack(0x14770000,0x147c0000)]
  0x142b6000 JavaThread "JDWP Transport Listener: dt_socket" daemon [_thread_blocked, id=7632, stack(0x14830000,0x14880000)]
  0x142aa800 JavaThread "Attach Listener" daemon [_thread_blocked, id=7780, stack(0x145b0000,0x14600000)]
  0x0131fc00 JavaThread "Signal Dispatcher" daemon [_thread_blocked, id=7760, stack(0x144f0000,0x14540000)]
  0x01307c00 JavaThread "Finalizer" daemon [_thread_blocked, id=7296, stack(0x03ba0000,0x03bf0000)]
  0x01306000 JavaThread "Reference Handler" daemon [_thread_blocked, id=6180, stack(0x03b20000,0x03b70000)]
  0x0048cc00 JavaThread "main" [_thread_blocked, id=7936, stack(0x00490000,0x004e0000)]

Other Threads:
=>0x01302c00 VMThread [stack: 0x140e0000,0x14130000] [id=6508]
  0x142e3400 WatcherThread [stack: 0x149b0000,0x14a00000] [id=7596]

VM state:at safepoint (normal execution)

VM Mutex/Monitor currently owned by a thread:  ([mutex/lock_event])
[0x0048a768] Safepoint_lock - owner thread: 0x01302c00
[0x0048a7d0] Threads_lock - owner thread: 0x01302c00
[0x0048aeb8] JvmtiThreadState_lock - owner thread: 0x142b6000

Heap:
 def new generation   total 4928K, used 651K [0x03c00000, 0x04150000, 0x09150000)
  eden space 4416K,  14% used [0x03c00000, 0x03ca2f28, 0x04050000)
  from space 512K,   0% used [0x04050000, 0x04050000, 0x040d0000)
  to   space 512K,   0% used [0x040d0000, 0x040d0000, 0x04150000)
 tenured generation   total 10944K, used 0K [0x09150000, 0x09c00000, 0x13c00000)
   the space 10944K,   0% used [0x09150000, 0x09150000, 0x09150200, 0x09c00000)
 Metaspace       used 1590K, capacity 2244K, committed 2368K, reserved 4480K

Card table byte_map: [0x03a70000,0x03b00000] byte_map_base: 0x03a52000

Polling page: 0x00120000

CodeCache: size=32768Kb used=665Kb max_used=665Kb free=32102Kb
 bounds [0x01a70000, 0x01b18000, 0x03a70000]
 total_blobs=141 nmethods=14 adapters=68
 compilation: enabled

Compilation events (10 events):
Event: 0.141 Thread 0x142c1000   10             java.lang.CharacterDataLatin1::getProperties (11 bytes)
Event: 0.142 Thread 0x142c1000 nmethod 10 0x01b15548 code [0x01b15640, 0x01b156f0]
Event: 0.142 Thread 0x142c1000   11             java.lang.Character::toLowerCase (9 bytes)
Event: 0.142 Thread 0x142c1000 nmethod 11 0x01b157c8 code [0x01b158d0, 0x01b15978]
Event: 0.142 Thread 0x142c1000   12             java.lang.CharacterDataLatin1::toLowerCase (39 bytes)
Event: 0.142 Thread 0x142c1000 nmethod 12 0x01b15a08 code [0x01b15b00, 0x01b15be0]
Event: 0.142 Thread 0x142c1000   13             java.lang.String::indexOf (166 bytes)
Event: 0.142 Thread 0x142c1000 nmethod 13 0x01b15cc8 code [0x01b15de0, 0x01b16030]
Event: 0.143 Thread 0x142c1000   14             java.lang.AbstractStringBuilder::append (29 bytes)
Event: 0.143 Thread 0x142c1000 nmethod 14 0x01b16388 code [0x01b16490, 0x01b1658c]

GC Heap History (0 events):
No events

Deoptimization events (0 events):
No events

Internal exceptions (5 events):
Event: 0.019 Thread 0x0048cc00 Exception <a 'java/lang/NoSuchMethodError': Method sun.misc.Unsafe.defineClass(Ljava/lang/String;[BII)Ljava/lang/Class; name or signature does not match> (0x03c0fc48) thrown at [C:\re\workspace\8-2-build-windows-i586-cygwin\jdk8u31\2394\hotspot\src\share\v$k¾Ð“?
Event: 0.019 Thread 0x0048cc00 Exception <a 'java/lang/NoSuchMethodError': Method sun.misc.Unsafe.prefetchRead(Ljava/lang/Object;J)V name or signature does not match> (0x03c0fec8) thrown at [C:\re\workspace\8-2-build-windows-i586-cygwin\jdk8u31\2394\hotspot\src\share\vm\prims\jni.cpp, l,JÖ›¥ÿÁ?
Event: 0.141 Thread 0x0048cc00 Exception <a 'java/security/PrivilegedActionException'> (0x03c95208) thrown at [C:\re\workspace\8-2-build-windows-i586-cygwin\jdk8u31\2394\hotspot\src\share\vm\prims\jvm.cpp, line 1312]
Event: 0.144 Thread 0x0048cc00 Exception <a 'java/security/PrivilegedActionException'> (0x03c9a808) thrown at [C:\re\workspace\8-2-build-windows-i586-cygwin\jdk8u31\2394\hotspot\src\share\vm\prims\jvm.cpp, line 1312]
Event: 0.144 Thread 0x0048cc00 Exception <a 'java/lang/NullPointerException'> (0x03c9c240) thrown at [C:\re\workspace\8-2-build-windows-i586-cygwin\jdk8u31\2394\hotspot\src\share\vm\interpreter\linkResolver.cpp, line 1178]

Events (10 events):
Event: 0.144 loading class Reader done
Event: 4.327 Executing VM operation: EnableBiasedLocking
Event: 4.327 Executing VM operation: EnableBiasedLocking done
Event: 54.166 Executing VM operation: GetCurrentLocation
Event: 54.166 Executing VM operation: GetCurrentLocation done
Event: 54.166 Executing VM operation: EnterInterpOnlyMode
Event: 54.166 Executing VM operation: EnterInterpOnlyMode done
Event: 54.166 Executing VM operation: ChangeSingleStep
Event: 54.166 Executing VM operation: ChangeSingleStep done
Event: 54.166 Executing VM operation: ChangeSingleStep


Dynamic libraries:
0x01390000 - 0x013c0000 	C:\Program Files\Java\jre1.8.0_31\bin\javaw.exe
0x776e0000 - 0x7781c000 	C:\Windows\SYSTEM32\ntdll.dll
0x76fb0000 - 0x77084000 	C:\Windows\system32\kernel32.dll
0x758f0000 - 0x7593b000 	C:\Windows\system32\KERNELBASE.dll
0x77430000 - 0x774d0000 	C:\Windows\system32\ADVAPI32.dll
0x77380000 - 0x7742c000 	C:\Windows\system32\msvcrt.dll
0x75ca0000 - 0x75cb9000 	C:\Windows\SYSTEM32\sechost.dll
0x774d0000 - 0x77571000 	C:\Windows\system32\RPCRT4.dll
0x76dd0000 - 0x76e99000 	C:\Windows\system32\USER32.dll
0x75cc0000 - 0x75d0e000 	C:\Windows\system32\GDI32.dll
0x75c30000 - 0x75c3a000 	C:\Windows\system32\LPK.dll
0x75ee0000 - 0x75f7d000 	C:\Windows\system32\USP10.dll
0x74690000 - 0x7482e000 	C:\Windows\WinSxS\x86_microsoft.windows.common-controls_6595b64144ccf1df_6.0.7601.17514_none_41e6975e2bd6f2b2\COMCTL32.dll
0x75c40000 - 0x75c97000 	C:\Windows\system32\SHLWAPI.dll
0x75b70000 - 0x75b8f000 	C:\Windows\system32\IMM32.DLL
0x77840000 - 0x7790c000 	C:\Windows\system32\MSCTF.dll
0x5b870000 - 0x5b92f000 	C:\Program Files\Java\jre1.8.0_31\bin\msvcr100.dll
0x68ba0000 - 0x68f44000 	C:\Program Files\Java\jre1.8.0_31\bin\client\jvm.dll
0x74e20000 - 0x74e27000 	C:\Windows\system32\WSOCK32.dll
0x75b90000 - 0x75bc5000 	C:\Windows\system32\WS2_32.dll
0x77830000 - 0x77836000 	C:\Windows\system32\NSI.dll
0x738c0000 - 0x738f2000 	C:\Windows\system32\WINMM.dll
0x75ed0000 - 0x75ed5000 	C:\Windows\system32\PSAPI.DLL
0x6b480000 - 0x6b48c000 	C:\Program Files\Java\jre1.8.0_31\bin\verify.dll
0x6b450000 - 0x6b471000 	C:\Program Files\Java\jre1.8.0_31\bin\java.dll
0x6ea30000 - 0x6ea59000 	C:\Program Files\Java\jre1.8.0_31\bin\jdwp.dll
0x739d0000 - 0x739d7000 	C:\Program Files\Java\jre1.8.0_31\bin\npt.dll
0x6b430000 - 0x6b443000 	C:\Program Files\Java\jre1.8.0_31\bin\zip.dll
0x75f80000 - 0x76bca000 	C:\Windows\system32\SHELL32.dll
0x77580000 - 0x776dc000 	C:\Windows\system32\ole32.dll
0x75870000 - 0x7587b000 	C:\Windows\system32\profapi.dll
0x739e0000 - 0x739e8000 	C:\Program Files\Java\jre1.8.0_31\bin\dt_socket.dll
0x73c20000 - 0x73c30000 	C:\Windows\system32\NLAapi.dll
0x71930000 - 0x71940000 	C:\Windows\system32\napinsp.dll
0x71910000 - 0x71922000 	C:\Windows\system32\pnrpnsp.dll
0x75360000 - 0x7539c000 	C:\Windows\System32\mswsock.dll
0x75150000 - 0x75194000 	C:\Windows\system32\DNSAPI.dll
0x717c0000 - 0x717c8000 	C:\Windows\System32\winrnr.dll
0x74d70000 - 0x74d8c000 	C:\Windows\system32\IPHLPAPI.DLL
0x74d60000 - 0x74d67000 	C:\Windows\system32\WINNSI.DLL
0x736e0000 - 0x73718000 	C:\Windows\System32\fwpuclnt.dll
0x716c0000 - 0x716c6000 	C:\Windows\system32\rasadhlp.dll
0x74cb0000 - 0x74cb5000 	C:\Windows\System32\wshtcpip.dll
0x5b400000 - 0x5b4eb000 	C:\Windows\system32\dbghelp.dll

VM Arguments:
jvm_args: -agentlib:jdwp=transport=dt_socket,suspend=y,address=localhost:2594 -Dfile.encoding=MS874 
java_command: ReadInput
java_class_path (initial): C:\Users\Lab.PC2013110215CUT\workspace\Lab9\bin
Launcher Type: SUN_STANDARD

Environment Variables:
PATH=C:/Program Files/Java/jre1.8.0_31/bin/client;C:/Program Files/Java/jre1.8.0_31/bin;C:/Program Files/Java/jre1.8.0_31/lib/i386;C:\Program Files\Intel\iCLS Client\;C:\ProgramData\Oracle\Java\javapath;c:\app\Lab\product\11.2.0\dbhome_1\bin;C:\oracle\ora90\bin;C:\oracle\ora90\Apache\Perl\5.00503\bin\mswin32-x86;C:\Program Files\Oracle\jre\1.1.8\bin;C:\Windows\system32;C:\Windows;C:\Windows\System32\Wbem;C:\Windows\System32\WindowsPowerShell\v1.0\;C:\Program Files\Autodesk\Backburner\;C:\Program Files\Bitvise Tunnelier;C:\Program Files\Rational\common;C:\Program Files\Microsoft SQL Server\100\Tools\Binn\;C:\Program Files\Microsoft SQL Server\100\DTS\Binn\;C:\Program Files\Intel\Intel(R) Management Engine Components\DAL;C:\Program Files\Intel\Intel(R) Management Engine Components\IPT;c:\Program Files\ATI Technologies\ATI.ACE\Core-Static;C:\Program Files\Common Files\Autodesk Shared\;C:\TCWIN45\BIN;C:\eclipse;
USERNAME=Lab
OS=Windows_NT
PROCESSOR_IDENTIFIER=x86 Family 6 Model 60 Stepping 3, GenuineIntel



---------------  S Y S T E M  ---------------

OS: Windows 7 Build 7601 Service Pack 1

CPU:total 8 (4 cores per cpu, 2 threads per core) family 6 model 60 stepping 3, cmov, cx8, fxsr, mmx, sse, sse2, sse3, ssse3, sse4.1, sse4.2, popcnt, avx, avx2, aes, clmul, erms, rtm, lzcnt, ht, tsc, tscinvbit, bmi1, bmi2

Memory: 4k page, physical 3330300k(1000644k free), swap 6658848k(3571232k free)

vm_info: Java HotSpot(TM) Client VM (25.31-b07) for windows-x86 JRE (1.8.0_31-b13), built on Dec 17 2014 20:46:12 by "java_re" with MS VC++ 10.0 (VS2010)

time: Thu Oct 27 11:41:17 2016
elapsed time: 54 seconds (0d 0h 0m 54s)

